<?xml version="1.0" encoding="UTF-8"?>
<coverage generated="1623678004998" clover="3.2.0">
  <project timestamp="1623678004998" name="All files">
    <metrics statements="14" coveredstatements="10" conditionals="15" coveredconditionals="11" methods="2" coveredmethods="2" elements="31" coveredelements="23" complexity="0" loc="14" ncloc="14" packages="1" files="1" classes="1"/>
    <file name="dialer.js" path="/wazo/webrtc-demo/code/src/dialer.js">
      <metrics statements="14" coveredstatements="10" conditionals="15" coveredconditionals="11" methods="2" coveredmethods="2"/>
      <line num="2" count="6" type="cond" truecount="4" falsecount="0"/>
      <line num="4" count="1" type="stmt"/>
      <line num="5" count="3" type="stmt"/>
      <line num="7" count="3" type="cond" truecount="2" falsecount="0"/>
      <line num="8" count="1" type="stmt"/>
      <line num="11" count="2" type="cond" truecount="2" falsecount="0"/>
      <line num="12" count="1" type="stmt"/>
      <line num="15" count="1" type="cond" truecount="1" falsecount="1"/>
      <line num="16" count="0" type="stmt"/>
      <line num="19" count="1" type="cond" truecount="2" falsecount="3"/>
      <line num="22" count="1" type="stmt"/>
      <line num="24" count="0" type="stmt"/>
      <line num="26" count="0" type="stmt"/>
      <line num="28" count="0" type="stmt"/>
    </file>
  </project>
</coverage>
