{"/Users/wazo/Documents/Wazo/wazo-webrtc-demo/src/dialer.js": {"path":"/Users/wazo/Documents/Wazo/wazo-webrtc-demo/src/dialer.js","statementMap":{"0":{"start":{"line":2,"column":25},"end":{"line":2,"column":137}},"1":{"start":{"line":2,"column":42},"end":{"line":2,"column":137}},"2":{"start":{"line":4,"column":25},"end":{"line":30,"column":1}},"3":{"start":{"line":5,"column":17},"end":{"line":5,"column":39}},"4":{"start":{"line":7,"column":2},"end":{"line":9,"column":3}},"5":{"start":{"line":8,"column":4},"end":{"line":8,"column":16}},"6":{"start":{"line":11,"column":2},"end":{"line":13,"column":3}},"7":{"start":{"line":12,"column":4},"end":{"line":12,"column":41}},"8":{"start":{"line":15,"column":2},"end":{"line":17,"column":3}},"9":{"start":{"line":16,"column":4},"end":{"line":16,"column":39}},"10":{"start":{"line":19,"column":2},"end":{"line":29,"column":3}},"11":{"start":{"line":22,"column":6},"end":{"line":22,"column":36}},"12":{"start":{"line":24,"column":6},"end":{"line":24,"column":40}},"13":{"start":{"line":26,"column":6},"end":{"line":26,"column":42}},"14":{"start":{"line":28,"column":6},"end":{"line":28,"column":56}}},"fnMap":{"0":{"name":"(anonymous_0)","decl":{"start":{"line":2,"column":25},"end":{"line":2,"column":26}},"loc":{"start":{"line":2,"column":42},"end":{"line":2,"column":137}},"line":2},"1":{"name":"(anonymous_1)","decl":{"start":{"line":4,"column":25},"end":{"line":4,"column":26}},"loc":{"start":{"line":4,"column":42},"end":{"line":30,"column":1}},"line":4}},"branchMap":{"0":{"loc":{"start":{"line":2,"column":42},"end":{"line":2,"column":137}},"type":"binary-expr","locations":[{"start":{"line":2,"column":42},"end":{"line":2,"column":55}},{"start":{"line":2,"column":60},"end":{"line":2,"column":87}},{"start":{"line":2,"column":91},"end":{"line":2,"column":114}},{"start":{"line":2,"column":118},"end":{"line":2,"column":136}}],"line":2},"1":{"loc":{"start":{"line":7,"column":2},"end":{"line":9,"column":3}},"type":"if","locations":[{"start":{"line":7,"column":2},"end":{"line":9,"column":3}},{"start":{"line":7,"column":2},"end":{"line":9,"column":3}}],"line":7},"2":{"loc":{"start":{"line":11,"column":2},"end":{"line":13,"column":3}},"type":"if","locations":[{"start":{"line":11,"column":2},"end":{"line":13,"column":3}},{"start":{"line":11,"column":2},"end":{"line":13,"column":3}}],"line":11},"3":{"loc":{"start":{"line":15,"column":2},"end":{"line":17,"column":3}},"type":"if","locations":[{"start":{"line":15,"column":2},"end":{"line":17,"column":3}},{"start":{"line":15,"column":2},"end":{"line":17,"column":3}}],"line":15},"4":{"loc":{"start":{"line":19,"column":2},"end":{"line":29,"column":3}},"type":"switch","locations":[{"start":{"line":20,"column":4},"end":{"line":20,"column":41}},{"start":{"line":21,"column":4},"end":{"line":22,"column":36}},{"start":{"line":23,"column":4},"end":{"line":24,"column":40}},{"start":{"line":25,"column":4},"end":{"line":26,"column":42}},{"start":{"line":27,"column":4},"end":{"line":28,"column":56}}],"line":19}},"s":{"0":1,"1":7,"2":1,"3":6,"4":6,"5":1,"6":5,"7":1,"8":4,"9":1,"10":3,"11":1,"12":1,"13":1,"14":0},"f":{"0":7,"1":6},"b":{"0":[7,6,6,5],"1":[1,5],"2":[1,4],"3":[1,3],"4":[1,1,1,1,0]},"_coverageSchema":"1a1c01bbd47fc00a2c39e90264f33305004495a9","hash":"fc44511b72297834e3438813617a0963639c3afe"}
}
